\BOOKMARK [1][-]{section.1}{\376\377\000G\000i\036\333\000i\000\040\000t\000h\000i\036\307\000u}{}% 1
\BOOKMARK [2][-]{subsection.1.1}{\376\377\001\020\000\363\000n\000g\000\040\000g\000\363\000p\000\040\000c\000h\000\355\000n\000h}{section.1}% 2
\BOOKMARK [2][-]{subsection.1.2}{\376\377\000B\000\340\000i\000\040\000t\000o\000\341\000n\000\040\000C\000R\000P}{section.1}% 3
\BOOKMARK [1][-]{section.2}{\376\377\000P\000h\001\260\001\241\000n\000g\000\040\000p\000h\000\341\000p\000\040\001\021\036\301\000\040\000x\000u\036\245\000t}{}% 4
\BOOKMARK [2][-]{subsection.2.1}{\376\377\000T\036\325\000n\000g\000\040\000q\000u\000a\000n\000\040\000k\000i\036\277\000n\000\040\000t\000r\000\372\000c}{section.2}% 5
\BOOKMARK [2][-]{subsection.2.2}{\376\377\000E\000n\000c\000o\000d\000e\000r}{section.2}% 6
\BOOKMARK [3][-]{subsubsection.2.2.1}{\376\377\000E\000x\000p\000e\000r\000t\000\040\000F\000e\000a\000t\000u\000r\000e\000s}{subsection.2.2}% 7
\BOOKMARK [3][-]{subsubsection.2.2.2}{\376\377\000L\000S\000T\000M\000\040\000E\000n\000c\000o\000d\000i\000n\000g\000\040\000\050\000m\036\267\000c\000\040\001\021\036\313\000n\000h\000\051}{subsection.2.2}% 8
\BOOKMARK [3][-]{subsubsection.2.2.3}{\376\377\000M\000u\000l\000t\000i\000-\000H\000e\000a\000d\000\040\000S\000e\000l\000f\000-\000A\000t\000t\000e\000n\000t\000i\000o\000n}{subsection.2.2}% 9
\BOOKMARK [3][-]{subsubsection.2.2.4}{\376\377\000B\000a\000y\000\040\000E\000m\000b\000e\000d\000d\000i\000n\000g}{subsection.2.2}% 10
\BOOKMARK [2][-]{subsection.2.3}{\376\377\000D\000e\000c\000o\000d\000e\000r}{section.2}% 11
\BOOKMARK [2][-]{subsection.2.4}{\376\377\000H\000u\036\245\000n\000\040\000l\000u\000y\036\307\000n\000:\000\040\000R\000E\000I\000N\000F\000O\000R\000C\000E\000\040\000v\036\333\000i\000\040\000P\000r\000o\000p\000o\000s\000e\000d\000\040\000B\000a\000s\000e\000l\000i\000n\000e}{section.2}% 12
\BOOKMARK [3][-]{subsubsection.2.4.1}{\376\377\000P\000O\000M\000O\000\040\000R\000o\000l\000l\000o\000u\000t\000s}{subsection.2.4}% 13
\BOOKMARK [3][-]{subsubsection.2.4.2}{\376\377\000P\000r\000o\000p\000o\000s\000e\000d\000\040\000B\000a\000s\000e\000l\000i\000n\000e}{subsection.2.4}% 14
\BOOKMARK [2][-]{subsection.2.5}{\376\377\000Z\000e\000r\000o\000-\000s\000h\000o\000t\000\040\000M\000u\000l\000t\000i\000-\000c\000r\000a\000n\000e\000\040\000T\000r\000a\000n\000s\000f\000e\000r}{section.2}% 15
\BOOKMARK [3][-]{subsubsection.2.5.1}{\376\377\000C\000r\000a\000n\000e\000\040\000A\000s\000s\000i\000g\000n\000m\000e\000n\000t\000\040\000S\000t\000r\000a\000t\000e\000g\000i\000e\000s}{subsection.2.5}% 16
\BOOKMARK [2][-]{subsection.2.6}{\376\377\000M\000u\000l\000t\000i\000-\000c\000r\000a\000n\000e\000\040\000L\000o\000w\000e\000r\000\040\000B\000o\000u\000n\000d}{section.2}% 17
\BOOKMARK [1][-]{section.3}{\376\377\000C\036\245\000u\000\040\000t\000r\000\372\000c\000\040\000R\000e\000p\000o\000s\000i\000t\000o\000r\000y}{}% 18
\BOOKMARK [2][-]{subsection.3.1}{\376\377\000S\001\241\000\040\001\021\036\323\000\040\000t\036\325\000n\000g\000\040\000q\000u\000a\000n}{section.3}% 19
\BOOKMARK [2][-]{subsection.3.2}{\376\377\000C\000h\000i\000\040\000t\000i\036\277\000t\000\040\000c\000\341\000c\000\040\000m\000o\000d\000u\000l\000e\000\040\000c\000h\000\355\000n\000h}{section.3}% 20
\BOOKMARK [3][-]{subsubsection.3.2.1}{\376\377\000T\000r\000a\000i\000n\000e\000r\000\040\000\050\000t\000r\000a\000i\000n\000e\000r\000.\000p\000y\000\051}{subsection.3.2}% 21
\BOOKMARK [3][-]{subsubsection.3.2.2}{\376\377\000E\000n\000c\000o\000d\000e\000r\000\040\000\050\000m\000o\000d\000e\000l\000/\000e\000n\000c\000o\000d\000e\000r\000.\000p\000y\000\051}{subsection.3.2}% 22
\BOOKMARK [3][-]{subsubsection.3.2.3}{\376\377\000D\000e\000c\000o\000d\000e\000r\000\040\000\050\000m\000o\000d\000e\000l\000/\000d\000e\000c\000o\000d\000e\000r\000.\000p\000y\000\051}{subsection.3.2}% 23
\BOOKMARK [3][-]{subsubsection.3.2.4}{\376\377\000E\000n\000v\000i\000r\000o\000n\000m\000e\000n\000t\000\040\000\050\000e\000n\000v\000/\000e\000n\000v\000.\000p\000y\000\051}{subsection.3.2}% 24
\BOOKMARK [2][-]{subsection.3.3}{\376\377\000P\000r\000e\000t\000r\000a\000i\000n\000e\000d\000\040\000M\000o\000d\000e\000l\000s}{section.3}% 25
\BOOKMARK [1][-]{section.4}{\376\377\000H\001\260\036\333\000n\000g\000\040\000d\036\253\000n\000\040\000s\036\355\000\040\000d\036\345\000n\000g}{}% 26
\BOOKMARK [2][-]{subsection.4.1}{\376\377\000C\000\340\000i\000\040\001\021\036\267\000t\000\040\000m\000\364\000i\000\040\000t\000r\001\260\036\335\000n\000g}{section.4}% 27
\BOOKMARK [2][-]{subsection.4.2}{\376\377\000H\000u\036\245\000n\000\040\000l\000u\000y\036\307\000n\000\040\000m\000\364\000\040\000h\000\354\000n\000h}{section.4}% 28
\BOOKMARK [2][-]{subsection.4.3}{\376\377\001\020\000\341\000n\000h\000\040\000g\000i\000\341\000\040\000m\000\364\000\040\000h\000\354\000n\000h}{section.4}% 29
\BOOKMARK [2][-]{subsection.4.4}{\376\377\000C\000h\036\241\000y\000\040\000u\000n\000i\000t\000\040\000t\000e\000s\000t\000s}{section.4}% 30
\BOOKMARK [2][-]{subsection.4.5}{\376\377\000C\036\245\000u\000\040\000h\000\354\000n\000h}{section.4}% 31
\BOOKMARK [1][-]{section.5}{\376\377\000K\036\277\000t\000\040\000q\000u\036\243\000\040\000t\000h\036\361\000c\000\040\000n\000g\000h\000i\036\307\000m}{}% 32
\BOOKMARK [2][-]{subsection.5.1}{\376\377\000S\000o\000\040\000s\000\341\000n\000h\000\040\000t\000r\000\352\000n\000\040\000L\000e\000e\000\040\000B\000e\000n\000c\000h\000m\000a\000r\000k\000s}{section.5}% 33
\BOOKMARK [2][-]{subsection.5.2}{\376\377\000Z\000e\000r\000o\000-\000s\000h\000o\000t\000\040\000T\000r\000a\000n\000s\000f\000e\000r\000\040\000R\000e\000s\000u\000l\000t\000s}{section.5}% 34
\BOOKMARK [2][-]{subsection.5.3}{\376\377\000S\000c\000a\000l\000e\000-\000d\000i\000v\000e\000r\000s\000e\000\040\000G\000e\000n\000e\000r\000a\000l\000i\000z\000a\000t\000i\000o\000n}{section.5}% 35
\BOOKMARK [1][-]{section.6}{\376\377\000K\036\277\000t\000\040\000l\000u\036\255\000n}{}% 36
\BOOKMARK [2][-]{subsection.6.1}{\376\377\000H\001\260\036\333\000n\000g\000\040\000p\000h\000\341\000t\000\040\000t\000r\000i\036\303\000n}{section.6}% 37
